Arguments: 
  /Users/rhuansouza/.nvm/versions/node/v8.9.1/bin/node /usr/local/Cellar/yarn/1.1.0/libexec/bin/yarn.js install

PATH: 
  /Users/rhuansouza/.rvm/gems/ruby-2.3.3/bin:/Users/rhuansouza/.rvm/gems/ruby-2.3.3@global/bin:/Users/rhuansouza/.rvm/rubies/ruby-2.3.3/bin:/usr/local/php5/bin:/Users/rhuansouza/.nvm/versions/node/v8.9.1/bin:/usr/local/bin:/usr/bin:/bin:/usr/sbin:/sbin:/Users/rhuansouza/.rvm/bin

Yarn version: 
  1.1.0

Node version: 
  8.9.1

Platform: 
  darwin x64

npm manifest: 
  {
    "name": "simple-wallet-app",
    "version": "1.0.0",
    "main": "gulpfile.babel.js",
    "devDependencies": {
      "babel-preset-es2015": "^6.24.0",
      "babelify": "^8.0.0",
      "browser-sync": "^2.18.8",
      "browserify": "^14.5.0",
      "gulp": "^3.9.1",
      "gulp-babel": "^6.1.2",
      "gulp-minifier": "^0.2.2",
      "gulp-sass": "^3.1.0",
      "vinyl-buffer": "^1.0.0",
      "vinyl-source-stream": "^1.1.0"
    },
    "scripts": {
      "test": "echo \"Error: no test specified\" && exit 1"
    },
    "author": "Rhuan Santos"
  }

yarn manifest: 
  No manifest

Lockfile: 
  No lockfile

Trace: 
  Error: getaddrinfo ENOTFOUND registry.yarnpkg.com registry.yarnpkg.com:443
      at errnoException (dns.js:50:10)
      at GetAddrInfoReqWrap.onlookup [as oncomplete] (dns.js:92:26)
